<?xml version="1.0" encoding="UTF-8"?>
<!-- Generated by org.testng.reporters.JUnitXMLReporter -->
<testsuite ignored="0" hostname="LAPTOP-IF1T13DB" failures="0" tests="4" name="Test" time="39.475" errors="0" timestamp="2024-08-01T20:27:21 IST">
  <testcase classname="org.demo.test.TC001Home" name="singIn" time="8.198"/>
  <testcase classname="org.demo.test.TC001Home" name="singIn" time="8.25"/>
  <testcase classname="org.demo.test.TC001Home2" name="logIn" time="7.167"/>
  <testcase classname="org.demo.test.TC001Home2" name="logIn" time="6.971"/>
</testsuite> <!-- Test -->
