<?xml version="1.0" encoding="UTF-8"?>
<!-- Generated by org.testng.reporters.JUnitXMLReporter -->
<testsuite ignored="0" hostname="LAPTOP-IF1T13DB" failures="0" tests="6" name="Test" time="110.975" errors="0" timestamp="2024-08-01T17:26:12 IST">
  <testcase classname="org.demo.test.TC001Home" name="singIn" time="36.843"/>
  <testcase classname="org.demo.test.TC001Home" name="singIn" time="36.721"/>
  <testcase classname="org.demo.test.TC001Home" name="singIn" time="6.037"/>
  <testcase classname="org.demo.test.TC001Home2" name="logIn" time="7.029"/>
  <testcase classname="org.demo.test.TC001Home2" name="logIn" time="7.182"/>
  <testcase classname="org.demo.test.TC001Home2" name="logIn" time="7.182"/>
</testsuite> <!-- Test -->
